------------------------------------------------------------------------------------------------------------------------

[2021-05-19 00:05:35 #1 store] 
Database '/Users/inigo/Downloads/Bets21-master/src/main/resources/bets.temp' is opened by 5456@MacBook-Air-de-Inigo.local

[2021-05-19 00:05:35 #2 type.registry] 
New type domain.Question

[2021-05-19 00:05:35 #3 type] 
Type domain.Question is not enhanced.

[2021-05-19 00:05:35 #4 type.registry] 
New type domain.Event

[2021-05-19 00:05:35 #5 type] 
Type domain.Event is not enhanced.

[2021-05-19 00:05:35 #6 type.registry] 
New type java.util.Vector<domain.Question>

[2021-05-19 00:05:35 #7 type.registry] 
New type java.util.Vector<java.lang.Object>

------------------------------------------------------------------------------------------------------------------------

[2021-05-19 00:06:11 #1 store] 
Database '/Users/inigo/Downloads/Bets21-master/src/main/resources/bets.temp' is opened by 5477@MacBook-Air-de-Inigo.local

[2021-05-19 00:06:11 #2 type.registry] 
New type domain.Question

[2021-05-19 00:06:11 #3 type] 
Type domain.Question is not enhanced.

[2021-05-19 00:06:11 #4 type.registry] 
New type domain.Event

[2021-05-19 00:06:11 #5 type] 
Type domain.Event is not enhanced.

[2021-05-19 00:06:12 #6 type.registry] 
New type java.util.Vector<domain.Question>

[2021-05-19 00:06:12 #7 type.registry] 
New type java.util.Vector<java.lang.Object>

